// Fichier : backend-flottee/logs/auth.log
// Ce fichier contient les logs de sécurité pour l'application backend-flottee
// Date de création : 2025-08-01
// Dernière modification : 2025-08-01
// Les logs sont générés pour suivre les actions de sécurité, comme les tentatives de connexion, les erreurs CSRF, etc.
[2025-08-16 23:10:25] Connexion réussie pour l'utilisateur ID: 1 avec rôle: admin et statut: active
[2025-08-16 23:14:14] Connexion API réussie pour l'utilisateur ID: 1 avec rôle: admin et statut: active
[2025-08-16 23:33:17] CSRF token invalide pour l'email: alice@example.com
[2025-08-16 23:35:08] CSRF token invalide pour l'email: alice@example.com 
[2025-08-17 00:12:47] Mot de passe incorrect pour l'utilisateur: alice@example.com
[2025-08-17 00:13:59] Mot de passe incorrect pour l'utilisateur: alice@example.com
[2025-08-17 00:15:57] Connexion réussie pour l'utilisateur ID: 1 avec rôle: admin et statut: active
[2025-08-17 00:16:38] Connexion réussie pour l'utilisateur ID: 1 avec rôle: admin et statut: active
[2025-08-17 00:16:51] Connexion réussie pour l'utilisateur ID: 1 avec rôle: admin et statut: active
[2025-08-17 00:16:53] Connexion réussie pour l'utilisateur ID: 1 avec rôle: admin et statut: active
[2025-08-17 00:17:38] Connexion réussie pour l'utilisateur ID: 1 avec rôle: admin et statut: active
[2025-08-17 00:21:54] CSRF token invalide pour l'email: alice@example.com
[2025-08-17 00:22:27] CSRF token invalide pour l'email: alice@example.com
[2025-08-17 00:24:19] Connexion réussie pour l'utilisateur ID: 1 avec rôle: admin et statut: active
[2025-08-17 00:25:53] Connexion réussie pour l'utilisateur ID: 1 avec rôle: admin et statut: active
[2025-08-17 00:56:12] Connexion réussie pour l'utilisateur ID: 1 avec rôle: admin et statut: active
[2025-08-17 01:00:38] Connexion API réussie pour l'utilisateur ID: 1 avec rôle: admin et statut: active
[2025-08-17 01:02:53] Connexion réussie pour l'utilisateur ID: 1 avec rôle: admin et statut: active
[2025-08-17 01:42:27] Connexion réussie pour l'utilisateur ID: 1 avec rôle: admin et statut: active
[2025-08-17 01:49:42] Connexion réussie pour l'utilisateur ID: 1 avec rôle: admin et statut: active
[2025-08-17 01:53:13] Connexion réussie pour l'utilisateur ID: 1 avec rôle: admin et statut: active
[2025-08-17 01:53:15] Connexion réussie pour l'utilisateur ID: 1 avec rôle: admin et statut: active
[2025-08-17 01:57:24] Connexion réussie pour l'utilisateur ID: 1 avec rôle: admin et statut: active
[2025-08-17 02:04:25] Connexion réussie pour l'utilisateur ID: 1 avec rôle: admin et statut: active
[2025-08-17 02:06:27] Connexion réussie pour l'utilisateur ID: 1 avec rôle: admin et statut: active
[2025-08-17 02:07:44] Connexion réussie pour l'utilisateur ID: 1 avec rôle: admin et statut: active
[2025-08-17 02:12:04] Connexion réussie pour l'utilisateur ID: 1 avec rôle: admin et statut: active
[2025-08-17 02:12:19] Connexion réussie pour l'utilisateur ID: 1 avec rôle: admin et statut: active
[2025-08-17 02:13:27] Connexion réussie pour l'utilisateur ID: 1 avec rôle: admin et statut: active
[2025-08-17 02:14:04] Connexion réussie pour l'utilisateur ID: 1 avec rôle: admin et statut: active
[2025-08-17 02:14:31] Connexion réussie pour l'utilisateur ID: 1 avec rôle: admin et statut: active
[2025-08-17 16:56:08] Connexion réussie pour l'utilisateur ID: 1 avec rôle: admin et statut: active
[2025-08-17 16:56:08] CSRF token invalide pour l'email: alice@example.com
[2025-08-17 17:03:37] Connexion réussie pour l'utilisateur ID: 1 avec rôle: admin et statut: active
[2025-08-17 17:26:11] Connexion réussie pour l'utilisateur ID: 1 avec rôle: admin et statut: active
[2025-08-17 17:26:20] Connexion réussie pour l'utilisateur ID: 1 avec rôle: admin et statut: active
[2025-08-17 17:29:17] Connexion réussie pour l'utilisateur ID: 1 avec rôle: admin et statut: active
[2025-08-17 17:31:28] Connexion réussie pour l'utilisateur ID: 1 avec rôle: admin et statut: active
[2025-08-17 17:36:33] Connexion réussie pour l'utilisateur ID: 1 avec rôle: admin et statut: active
[2025-08-17 22:24:39] Connexion réussie pour l'utilisateur ID: 1 avec rôle: admin et statut: active
[2025-08-17 22:26:22] Connexion API réussie pour l'utilisateur ID: 1 avec rôle: admin et statut: active
[2025-08-17 23:38:41] Connexion API réussie pour l'utilisateur ID: 1 avec rôle: admin et statut: active
[2025-08-17 23:39:59] Connexion API réussie pour l'utilisateur ID: 1 avec rôle: admin et statut: active
[2025-08-17 23:48:41] Connexion API réussie pour l'utilisateur ID: 1 avec rôle: admin et statut: active
[2025-08-17 23:56:37] Connexion API réussie pour l'utilisateur ID: 1 avec rôle: admin et statut: active
[2025-08-17 23:59:55] Connexion API réussie pour l'utilisateur ID: 1 avec rôle: admin et statut: active
[2025-08-18 00:24:08] Connexion réussie pour l'utilisateur ID: 1 avec rôle: admin et statut: active
[2025-08-18 00:24:23] Connexion API réussie pour l'utilisateur ID: 1 avec rôle: admin et statut: active
[2025-08-18 00:25:16] Connexion API réussie pour l'utilisateur ID: 1 avec rôle: admin et statut: active
[2025-08-18 11:03:15] Connexion API réussie pour l'utilisateur ID: 1 avec rôle: admin et statut: active
[2025-08-18 11:03:48] CSRF token invalide pour l'email: 
[2025-08-18 11:05:20] CSRF token invalide pour l'email: 
[2025-08-18 11:09:30] Connexion réussie pour l'utilisateur ID: 1 avec rôle: admin et statut: active
[2025-08-18 11:12:16] Connexion API réussie pour l'utilisateur ID: 1 avec rôle: admin et statut: active
[2025-08-18 11:53:11] Connexion API réussie pour l'utilisateur ID: 1 avec rôle: admin et statut: active
[2025-08-18 13:31:50] Connexion API réussie pour l'utilisateur ID: 1 avec rôle: admin et statut: active
[2025-08-18 13:33:01] Connexion API réussie pour l'utilisateur ID: 1 avec rôle: admin et statut: active
[2025-08-18 14:13:41] Connexion API réussie pour l'utilisateur ID: 1 avec rôle: admin et statut: active
[2025-08-18 22:04:57] Connexion API réussie pour l'utilisateur ID: 1 avec rôle: admin et statut: active
[2025-08-18 22:06:14] Connexion API réussie pour l'utilisateur ID: 1 avec rôle: admin et statut: active
[2025-08-18 22:28:48] Connexion réussie pour l'utilisateur ID: 1 avec rôle: admin et statut: active
[2025-08-18 22:29:01] Connexion réussie pour l'utilisateur ID: 1 avec rôle: admin et statut: active
[2025-08-19 01:11:45] Connexion API réussie pour l'utilisateur ID: 1 avec rôle: admin et statut: active
[2025-08-19 09:50:25] Connexion API réussie pour l'utilisateur ID: 1 avec rôle: admin et statut: active
[2025-08-21 21:09:48] Connexion réussie pour l'utilisateur ID: 1 avec rôle: admin et statut: active
[2025-08-21 21:09:57] Connexion réussie pour l'utilisateur ID: 1 avec rôle: admin et statut: active